<?xml version="1.0" encoding="UTF-8"?>
<!-- Generated by org.testng.reporters.JUnitXMLReporter -->
<testsuite ignored="3" hostname="LAPTOP-89KAFAM3" failures="0" tests="1" name="Default test" time="0.823" errors="0" timestamp="2025-05-13T09:54:01 IST">
  <testcase classname="automation.test.runner.Script17_JDBC" name="selectdb" time="0.767"/>
  <testcase classname="automation.test.runner.Script17_JDBC" name="updatedb" time="0.0">
    <ignored/>
  </testcase> <!-- updatedb -->
  <testcase classname="automation.test.runner.Script17_JDBC" name="verifyProject" time="0.0">
    <ignored/>
  </testcase> <!-- verifyProject -->
  <testcase classname="automation.test.runner.Script17_JDBC" name="selectSpecific" time="0.0">
    <ignored/>
  </testcase> <!-- selectSpecific -->
</testsuite> <!-- Default test -->
