<?xml version="1.0" encoding="UTF-8"?>
<!-- Generated by org.testng.reporters.JUnitXMLReporter -->
<testsuite ignored="2" hostname="LAPTOP-89KAFAM3" failures="0" tests="1" name="Default test" time="11.211" errors="0" timestamp="2025-09-04T13:16:07 IST">
  <testcase classname="automation.test.runner.Script036_Automation" name="cricBuzzPlayersWithIdentityHashMap" time="10.805"/>
  <testcase classname="automation.test.runner.Script036_Automation" name="easeMyTrip" time="0.0">
    <ignored/>
  </testcase> <!-- easeMyTrip -->
  <testcase classname="automation.test.runner.Script036_Automation" name="cricBuzzPlayers" time="0.0">
    <ignored/>
  </testcase> <!-- cricBuzzPlayers -->
</testsuite> <!-- Default test -->
