<?xml version="1.0" encoding="UTF-8"?>
<testng-results ignored="2" total="3" passed="1" failed="0" skipped="0">
  <reporter-output>
  </reporter-output>
  <suite started-at="2025-05-20T18:36:32 IST" name="Default suite" finished-at="2025-05-20T18:36:42 IST" duration-ms="10709">
    <groups>
    </groups>
    <test started-at="2025-05-20T18:36:32 IST" name="Default test" finished-at="2025-05-20T18:36:42 IST" duration-ms="10709">
      <class name="automation.test.runner.Script05_ShadowRoot">
        <test-method is-config="true" signature="openBrowser()[pri:0, instance:automation.test.runner.Script05_ShadowRoot@6150c3ec]" started-at="2025-05-20T18:36:32 IST" name="openBrowser" finished-at="2025-05-20T18:36:36 IST" duration-ms="4086" status="PASS">
          <reporter-output>
          </reporter-output>
        </test-method> <!-- openBrowser -->
        <test-method signature="ShadowRoot()[pri:1, instance:automation.test.runner.Script05_ShadowRoot@6150c3ec]" started-at="2025-05-20T18:36:36 IST" name="ShadowRoot" finished-at="2025-05-20T18:36:42 IST" duration-ms="6076" status="PASS">
          <reporter-output>
          </reporter-output>
        </test-method> <!-- ShadowRoot -->
        <test-method is-config="true" signature="tearDown()[pri:0, instance:automation.test.runner.Script05_ShadowRoot@6150c3ec]" started-at="2025-05-20T18:36:42 IST" name="tearDown" finished-at="2025-05-20T18:36:42 IST" duration-ms="463" status="PASS">
          <reporter-output>
          </reporter-output>
        </test-method> <!-- tearDown -->
      </class> <!-- automation.test.runner.Script05_ShadowRoot -->
    </test> <!-- Default test -->
  </suite> <!-- Default suite -->
</testng-results>
